[+] Containers:
 |- [+] Container: /Game/FirstPerson/Maps/FirstPersonMap
 |   |- [+] ActorDescs:
 |   |   |- Guid:047E492F498A9C68C4A667BD6A89853D BaseClass: NativeClass:/Script/Engine.StaticMeshActor Name:StaticMeshActor_UAID_18C04D41C008948601_1752020783 Label:Wall_400x468 SpatiallyLoaded:1 Bounds:IsValid=true, Min=(X=6400.000 Y=2329.999 Z=0.000), Max=(X=7400.000 Y=2430.000 Z=1000.000) RuntimeGrid:None EditorOnly:0 RuntimeOnly:0 HLODRelevant:1
 |   |   |- Guid:06013AF04BA0CCF5622BD49782D2D028 BaseClass: NativeClass:/Script/Engine.StaticMeshActor Name:StaticMeshActor_UAID_18C04D41C008928601_1294902368 Label:Wall_400x407 SpatiallyLoaded:1 Bounds:IsValid=true, Min=(X=1400.000 Y=1330.000 Z=0.000), Max=(X=2400.000 Y=1430.000 Z=1000.000) RuntimeGrid:None EditorOnly:0 RuntimeOnly:0 HLODRelevant:1
 |   |   |- Guid:0759A5A8400E3737BC669EAE31C0515D BaseClass: NativeClass:/Script/Engine.StaticMeshActor Name:StaticMeshActor_UAID_18C04D41C008948601_1151822763 Label:Wall_400x450 SpatiallyLoaded:1 Bounds:IsValid=true, Min=(X=14410.000 Y=1339.999 Z=0.000), Max=(X=15410.000 Y=1440.000 Z=1000.000) RuntimeGrid:None EditorOnly:0 RuntimeOnly:0 HLODRelevant:1
 |   |   |- Guid:0C44259649D69DAA40CBA1AE3E04661C BaseClass: NativeClass:/Script/Engine.StaticMeshActor Name:StaticMeshActor_UAID_18C04D41C008938601_1124798549 Label:Wall_400x412 SpatiallyLoaded:1 Bounds:IsValid=true, Min=(X=3300.000 Y=1430.000 Z=0.000), Max=(X=3400.000 Y=2430.000 Z=1000.000) RuntimeGrid:None EditorOnly:0 RuntimeOnly:0 HLODRelevant:1
 |   |   |- Guid:0D4A15094E02CAB70999A58CD164D35F BaseClass: NativeClass:/Script/Engine.StaticMeshActor Name:StaticMeshActor_UAID_18C04D41C008948601_1752020782 Label:Wall_400x467 SpatiallyLoaded:1 Bounds:IsValid=true, Min=(X=4400.000 Y=2329.999 Z=0.000), Max=(X=5400.000 Y=2430.000 Z=1000.000) RuntimeGrid:None EditorOnly:0 RuntimeOnly:0 HLODRelevant:1
 |   |   |- Guid:0DCE0A7F443DA7EFD3655482335216A3 BaseClass: NativeClass:/Script/Engine.StaticMeshActor Name:StaticMeshActor_UAID_18C04D41C008948601_1151833777 Label:Wall_400x464 SpatiallyLoaded:1 Bounds:IsValid=true, Min=(X=27420.000 Y=1340.000 Z=0.000), Max=(X=28420.000 Y=1440.000 Z=1000.000) RuntimeGrid:None EditorOnly:0 RuntimeOnly:0 HLODRelevant:1
 |   |   |- Guid:0EC053444604BE2384FFEEAEADD7C569 BaseClass: NativeClass:/Script/Engine.StaticMeshActor Name:StaticMeshActor_UAID_18C04D41C008928601_1427609370 Label:Wall_400x409 SpatiallyLoaded:1 Bounds:IsValid=true, Min=(X=300.000 Y=330.000 Z=0.000), Max=(X=400.000 Y=1330.000 Z=1000.000) RuntimeGrid:None EditorOnly:0 RuntimeOnly:0 HLODRelevant:1
 |   |   |- Guid:15BAF9FD4B65E10EB1776FBBFD0A51B3 BaseClass: NativeClass:/Script/Engine.StaticMeshActor Name:StaticMeshActor_UAID_18C04D41C008948601_1151814754 Label:Wall_400x441 SpatiallyLoaded:1 Bounds:IsValid=true, Min=(X=5400.000 Y=1339.999 Z=0.000), Max=(X=6400.000 Y=1440.000 Z=1000.000) RuntimeGrid:None EditorOnly:0 RuntimeOnly:0 HLODRelevant:1
 |   |   |- Guid:1A7B85784CA1421C945A6E8669FE93B9 BaseClass: NativeClass:/Script/Engine.StaticMeshActor Name:StaticMeshActor_UAID_18C04D41C008948601_1151823764 Label:Wall_400x451 SpatiallyLoaded:1 Bounds:IsValid=true, Min=(X=13400.000 Y=1339.999 Z=0.000), Max=(X=14400.000 Y=1440.000 Z=1000.000) RuntimeGrid:None EditorOnly:0 RuntimeOnly:0 HLODRelevant:1
 |   |   |- Guid:1A8AD3C94F0EC0F38D1CE4AB8442C577 BaseClass: NativeClass:/Script/Engine.StaticMeshActor Name:StaticMeshActor_UAID_18C04D41C008948601_1752018781 Label:Wall_400x465 SpatiallyLoaded:1 Bounds:IsValid=true, Min=(X=5400.000 Y=2329.999 Z=0.000), Max=(X=6400.000 Y=2430.000 Z=1000.000) RuntimeGrid:None EditorOnly:0 RuntimeOnly:0 HLODRelevant:1
 |   |   |- Guid:1DBD9C0F4A3F8521192323972E372DB6 BaseClass: NativeClass:/Script/Engine.StaticMeshActor Name:StaticMeshActor_UAID_18C04D41C008938601_1124799550 Label:Wall_400x413 SpatiallyLoaded:1 Bounds:IsValid=true, Min=(X=3300.000 Y=2430.000 Z=0.000), Max=(X=3400.000 Y=3430.000 Z=1000.000) RuntimeGrid:None EditorOnly:0 RuntimeOnly:0 HLODRelevant:1
 |   |   |- Guid:21262252453B37957EF29F82ABA2413B BaseClass: NativeClass:/Script/Engine.TextRenderActor Name:TextRenderActor_1 Label:TextRenderActor SpatiallyLoaded:1 Bounds:IsValid=true, Min=(X=-0.100 Y=1100.000 Z=65.013), Max=(X=-0.100 Y=2865.385 Z=215.013) RuntimeGrid:None EditorOnly:0 RuntimeOnly:0 HLODRelevant:0
 |   |   |- Guid:24C5FC6D40AF2E6F9E1F379E6A49BD5C BaseClass: NativeClass:/Script/Engine.StaticMeshActor Name:StaticMeshActor_UAID_18C04D41C008938601_1820033552 Label:Wall_400x415 SpatiallyLoaded:1 Bounds:IsValid=true, Min=(X=2400.000 Y=3430.000 Z=0.000), Max=(X=3400.000 Y=3530.000 Z=1000.000) RuntimeGrid:None EditorOnly:0 RuntimeOnly:0 HLODRelevant:1
 |   |   |- Guid:24D2144D4E5D79ED0F441C9B0DC7225F BaseClass: NativeClass:/Script/Engine.StaticMeshActor Name:StaticMeshActor_UAID_18C04D41C008938601_2046864576 Label:Wall_400x439 SpatiallyLoaded:1 Bounds:IsValid=true, Min=(X=300.000 Y=24530.000 Z=0.000), Max=(X=400.000 Y=25530.000 Z=1000.000) RuntimeGrid:None EditorOnly:0 RuntimeOnly:0 HLODRelevant:1
 |   |   |- Guid:2EAC6A6042D36387E9BDAD88C7A4449A BaseClass: NativeClass:/Script/Engine.StaticMeshActor Name:StaticMeshActor_UAID_18C04D41C008948601_1151825766 Label:Wall_400x453 SpatiallyLoaded:1 Bounds:IsValid=true, Min=(X=17410.000 Y=1339.999 Z=0.000), Max=(X=18410.000 Y=1440.000 Z=1000.000) RuntimeGrid:None EditorOnly:0 RuntimeOnly:0 HLODRelevant:1
 |   |   |- Guid:30F5ADCE400DA681FF3D129A0377DBF2 BaseClass: NativeClass:/Script/Engine.StaticMeshActor Name:StaticMeshActor_UAID_18C04D41C008938601_1998390562 Label:Wall_400x425 SpatiallyLoaded:1 Bounds:IsValid=true, Min=(X=300.000 Y=11530.000 Z=0.000), Max=(X=400.000 Y=12530.000 Z=1000.000) RuntimeGrid:None EditorOnly:0 RuntimeOnly:0 HLODRelevant:1
 |   |   |- Guid:31B1F7F5401678B8903402984F6C997A BaseClass: NativeClass:/Script/Engine.StaticMeshActor Name:StaticMeshActor_UAID_18C04D41C008948601_1151818757 Label:Wall_400x444 SpatiallyLoaded:1 Bounds:IsValid=true, Min=(X=8400.000 Y=1339.999 Z=0.000), Max=(X=9400.000 Y=1440.000 Z=1000.000) RuntimeGrid:None EditorOnly:0 RuntimeOnly:0 HLODRelevant:1
 |   |   |- Guid:33CB97D74ECD5B0BF275BE9BF5FC6874 BaseClass: NativeClass:/Script/Engine.StaticMeshActor Name:StaticMeshActor_UAID_18C04D41C008928601_1143430364 Label:Wall_400x405 SpatiallyLoaded:1 Bounds:IsValid=true, Min=(X=2400.000 Y=340.000 Z=1000.000), Max=(X=3400.000 Y=1340.000 Z=1100.000) RuntimeGrid:None EditorOnly:0 RuntimeOnly:0 HLODRelevant:1
 |   |   |- Guid:443B11D34976C25C3443438DAC09EF32 BaseClass: NativeClass:/Script/Engine.StaticMeshActor Name:StaticMeshActor_UAID_18C04D41C008948601_1151825767 Label:Wall_400x454 SpatiallyLoaded:1 Bounds:IsValid=true, Min=(X=16410.000 Y=1339.999 Z=0.000), Max=(X=17410.000 Y=1440.000 Z=1000.000) RuntimeGrid:None EditorOnly:0 RuntimeOnly:0 HLODRelevant:1
 |   |   |- Guid:49C1C22744255AC4FA9E85884D31E217 BaseClass: NativeClass:/Script/Engine.StaticMeshActor Name:StaticMeshActor_UAID_18C04D41C008938601_1998388560 Label:Wall_400x423 SpatiallyLoaded:1 Bounds:IsValid=true, Min=(X=300.000 Y=10530.000 Z=0.000), Max=(X=400.000 Y=11530.000 Z=1000.000) RuntimeGrid:None EditorOnly:0 RuntimeOnly:0 HLODRelevant:1
 |   |   |- Guid:4D04F8CE455F1F06D279B5B219BCFFF7 BaseClass: NativeClass:/Script/Engine.StaticMeshActor Name:StaticMeshActor_UAID_18C04D41C008938601_2046857568 Label:Wall_400x431 SpatiallyLoaded:1 Bounds:IsValid=true, Min=(X=300.000 Y=17530.000 Z=0.000), Max=(X=400.000 Y=18530.000 Z=1000.000) RuntimeGrid:None EditorOnly:0 RuntimeOnly:0 HLODRelevant:1
 |   |   |- Guid:5549733C47EF8A49944F689DCF72238E BaseClass: NativeClass:/Script/Engine.StaticMeshActor Name:StaticMeshActor_UAID_18C04D41C008938601_1946068555 Label:Wall_400x418 SpatiallyLoaded:1 Bounds:IsValid=true, Min=(X=300.000 Y=3530.000 Z=0.000), Max=(X=400.000 Y=4530.000 Z=1000.000) RuntimeGrid:None EditorOnly:0 RuntimeOnly:0 HLODRelevant:1
 |   |   |- Guid:5778DA604D3D6367D387E994048F1DF2 BaseClass: NativeClass:/Script/Engine.StaticMeshActor Name:StaticMeshActor_UAID_18C04D41C008928601_1294901367 Label:Wall_400x406 SpatiallyLoaded:1 Bounds:IsValid=true, Min=(X=400.000 Y=1330.000 Z=0.000), Max=(X=1400.000 Y=1430.000 Z=1000.000) RuntimeGrid:None EditorOnly:0 RuntimeOnly:0 HLODRelevant:1
 |   |   |- Guid:5E77A26E4752A8AACAAF46A2C5042601 BaseClass: NativeClass:/Script/Engine.StaticMeshActor Name:StaticMeshActor_UAID_18C04D41C008948601_1151826768 Label:Wall_400x455 SpatiallyLoaded:1 Bounds:IsValid=true, Min=(X=18410.000 Y=1340.000 Z=0.000), Max=(X=19410.000 Y=1440.000 Z=1000.000) RuntimeGrid:None EditorOnly:0 RuntimeOnly:0 HLODRelevant:1
 |   |   |- Guid:5FE7584649BB6F09265329A6C57CFD0D BaseClass: NativeClass:/Script/Engine.VolumetricCloud Name:VolumetricCloud_0 Label:VolumetricCloud SpatiallyLoaded:0 Bounds:IsValid=true, Min=(X=0.000 Y=0.000 Z=820.000), Max=(X=0.000 Y=0.000 Z=820.000) RuntimeGrid:None EditorOnly:0 RuntimeOnly:0 HLODRelevant:0 FolderPath:Lighting FolderGuid:0BA5F0A04EADB18E70D5B180D08FA34B
 |   |   |- Guid:61391D344900612A77DFC3BA3E354907 BaseClass: NativeClass:/Script/Engine.ExponentialHeightFog Name:ExponentialHeightFog_0 Label:ExponentialHeightFog SpatiallyLoaded:0 Bounds:IsValid=true, Min=(X=-5600.000 Y=-50.000 Z=-6850.000), Max=(X=-5600.000 Y=-50.000 Z=-6850.000) RuntimeGrid:None EditorOnly:0 RuntimeOnly:0 HLODRelevant:0 FolderPath:Lighting FolderGuid:0BA5F0A04EADB18E70D5B180D08FA34B
 |   |   |- Guid:614F8D3E4E0B2F710B5405AFA8DB4B31 BaseClass: NativeClass:/Script/Engine.StaticMeshActor Name:StaticMeshActor_UAID_18C04D41C008938601_1964656559 Label:Wall_400x422 SpatiallyLoaded:1 Bounds:IsValid=true, Min=(X=300.000 Y=8530.000 Z=0.000), Max=(X=400.000 Y=9530.000 Z=1000.000) RuntimeGrid:None EditorOnly:0 RuntimeOnly:0 HLODRelevant:1
 |   |   |- Guid:6270A8D143CF0EB77A9EA0AAA8300C86 BaseClass: NativeClass:/Script/Engine.StaticMeshActor Name:StaticMeshActor_UAID_18C04D41C008948601_1151830774 Label:Wall_400x461 SpatiallyLoaded:1 Bounds:IsValid=true, Min=(X=24420.000 Y=1340.000 Z=0.000), Max=(X=25420.000 Y=1440.000 Z=1000.000) RuntimeGrid:None EditorOnly:0 RuntimeOnly:0 HLODRelevant:1
 |   |   |- Guid:63C3FF1E4BFCF8E4706F5EA0D097A792 BaseClass: NativeClass:/Script/Engine.StaticMeshActor Name:StaticMeshActor_UAID_18C04D41C008948601_1151828770 Label:Wall_400x457 SpatiallyLoaded:1 Bounds:IsValid=true, Min=(X=19410.000 Y=1340.000 Z=0.000), Max=(X=20410.000 Y=1440.000 Z=1000.000) RuntimeGrid:None EditorOnly:0 RuntimeOnly:0 HLODRelevant:1
 |   |   |- Guid:6ACF38A94F17307B761D5D8A5478F831 BaseClass: NativeClass:/Script/Engine.StaticMeshActor Name:StaticMeshActor_UAID_18C04D41C008938601_2046863575 Label:Wall_400x438 SpatiallyLoaded:1 Bounds:IsValid=true, Min=(X=300.000 Y=25530.000 Z=0.000), Max=(X=400.000 Y=26530.000 Z=1000.000) RuntimeGrid:None EditorOnly:0 RuntimeOnly:0 HLODRelevant:1
 |   |   |- Guid:6ED110E14AEB3496CFD1E081E7585A92 BaseClass: NativeClass:/Script/Engine.StaticMeshActor Name:StaticMeshActor_UAID_18C04D41C008938601_2046859570 Label:Wall_400x433 SpatiallyLoaded:1 Bounds:IsValid=true, Min=(X=300.000 Y=18530.000 Z=0.000), Max=(X=400.000 Y=19530.000 Z=1000.000) RuntimeGrid:None EditorOnly:0 RuntimeOnly:0 HLODRelevant:1
 |   |   |- Guid:6FEFB3BD4EB37B849EF0D4AC80F83855 BaseClass: NativeClass:/Script/Engine.WorldDataLayers Name:WorldDataLayers Label:WorldDataLayers SpatiallyLoaded:0 Bounds:IsValid=true, Min=(X=0.000 Y=0.000 Z=0.000), Max=(X=0.000 Y=0.000 Z=0.000) RuntimeGrid:None EditorOnly:0 RuntimeOnly:0 HLODRelevant:0
 |   |   |- Guid:77003EE64B95A0692F0A938630642C7B BaseClass: NativeClass:/Script/Engine.StaticMeshActor Name:StaticMeshActor_UAID_18C04D41C008938601_1998393565 Label:Wall_400x428 SpatiallyLoaded:1 Bounds:IsValid=true, Min=(X=300.000 Y=14530.000 Z=0.000), Max=(X=400.000 Y=15530.000 Z=1000.000) RuntimeGrid:None EditorOnly:0 RuntimeOnly:0 HLODRelevant:1
 |   |   |- Guid:78CAF7514C7533F30BD2F19A017AAB65 BaseClass: NativeClass:/Script/Engine.StaticMeshActor Name:StaticMeshActor_0 Label:Ground_1 SpatiallyLoaded:1 Bounds:IsValid=true, Min=(X=0.000 Y=0.000 Z=-50.000), Max=(X=50000.000 Y=50000.000 Z=50.000) RuntimeGrid:None EditorOnly:0 RuntimeOnly:0 HLODRelevant:1 FolderPath:Playground FolderGuid:6C02BB504B69D1F3D7A624B130C18E5B
 |   |   |- Guid:7F07E4C946078FBEF02A53BFBF37CCE1 BaseClass: NativeClass:/Script/Engine.StaticMeshActor Name:StaticMeshActor_UAID_18C04D41C008918601_1906444184 Label:Wall_400x401 SpatiallyLoaded:1 Bounds:IsValid=true, Min=(X=1400.000 Y=240.000 Z=0.000), Max=(X=2400.000 Y=340.000 Z=1000.000) RuntimeGrid:None EditorOnly:0 RuntimeOnly:0 HLODRelevant:1
 |   |   |- Guid:7F617944427D3899E98E91BDED7E2D64 BaseClass: NativeClass:/Script/Engine.StaticMeshActor Name:StaticMeshActor_UAID_18C04D41C008938601_1946069556 Label:Wall_400x419 SpatiallyLoaded:1 Bounds:IsValid=true, Min=(X=300.000 Y=5530.000 Z=0.000), Max=(X=400.000 Y=6530.000 Z=1000.000) RuntimeGrid:None EditorOnly:0 RuntimeOnly:0 HLODRelevant:1
 |   |   |- Guid:7F82143F4A114C82095263B34CD4CCDA BaseClass: NativeClass:/Script/Engine.StaticMeshActor Name:StaticMeshActor_UAID_18C04D41C008948601_1151821761 Label:Wall_400x448 SpatiallyLoaded:1 Bounds:IsValid=true, Min=(X=10400.000 Y=1339.999 Z=0.000), Max=(X=11400.000 Y=1440.000 Z=1000.000) RuntimeGrid:None EditorOnly:0 RuntimeOnly:0 HLODRelevant:1
 |   |   |- Guid:7FDEE2EE491892F223C4D0ABAC0778E7 BaseClass: NativeClass:/Script/Engine.StaticMeshActor Name:StaticMeshActor_UAID_18C04D41C008938601_2046865577 Label:Wall_400x440 SpatiallyLoaded:1 Bounds:IsValid=true, Min=(X=300.000 Y=26530.000 Z=0.000), Max=(X=400.000 Y=27530.000 Z=1000.000) RuntimeGrid:None EditorOnly:0 RuntimeOnly:0 HLODRelevant:1
 |   |   |- Guid:80795A66490A1A701F18D4BE02F3BF85 BaseClass: NativeClass:/Script/Engine.StaticMeshActor Name:StaticMeshActor_UAID_18C04D41C008918601_2014954186 Label:Wall_400x403 SpatiallyLoaded:1 Bounds:IsValid=true, Min=(X=400.000 Y=340.000 Z=1000.000), Max=(X=1400.000 Y=1340.000 Z=1100.000) RuntimeGrid:None EditorOnly:0 RuntimeOnly:0 HLODRelevant:1
 |   |   |- Guid:824DFBBE4B4143F9A6FE93BEA8BE0288 BaseClass: NativeClass:/Script/Engine.StaticMeshActor Name:StaticMeshActor_UAID_18C04D41C008938601_1964655558 Label:Wall_400x421 SpatiallyLoaded:1 Bounds:IsValid=true, Min=(X=300.000 Y=6530.000 Z=0.000), Max=(X=400.000 Y=7530.000 Z=1000.000) RuntimeGrid:None EditorOnly:0 RuntimeOnly:0 HLODRelevant:1
 |   |   |- Guid:832324374A185D38EDBE72854E0CF584 BaseClass: NativeClass:/Script/Engine.StaticMeshActor Name:StaticMeshActor_UAID_18C04D41C008938601_1998392564 Label:Wall_400x427 SpatiallyLoaded:1 Bounds:IsValid=true, Min=(X=300.000 Y=12530.000 Z=0.000), Max=(X=400.000 Y=13530.000 Z=1000.000) RuntimeGrid:None EditorOnly:0 RuntimeOnly:0 HLODRelevant:1
 |   |   |- Guid:8D00E0CF475D81131D471A9635E12240 BaseClass: NativeClass:/Script/Engine.StaticMeshActor Name:StaticMeshActor_UAID_18C04D41C008948601_1151822762 Label:Wall_400x449 SpatiallyLoaded:1 Bounds:IsValid=true, Min=(X=12400.000 Y=1339.999 Z=0.000), Max=(X=13400.000 Y=1440.000 Z=1000.000) RuntimeGrid:None EditorOnly:0 RuntimeOnly:0 HLODRelevant:1
 |   |   |- Guid:8F4E0ECE4BF1087D6D8EE0869BAC0121 BaseClass: NativeClass:/Script/Engine.StaticMeshActor Name:StaticMeshActor_UAID_18C04D41C008948601_1151816755 Label:Wall_400x442 SpatiallyLoaded:1 Bounds:IsValid=true, Min=(X=4400.000 Y=1339.999 Z=0.000), Max=(X=5400.000 Y=1440.000 Z=1000.000) RuntimeGrid:None EditorOnly:0 RuntimeOnly:0 HLODRelevant:1
 |   |   |- Guid:90519CFD4FACC345D25EC78037791CB4 BaseClass: NativeClass:/Script/Engine.StaticMeshActor Name:StaticMeshActor_UAID_18C04D41C008928601_2127828371 Label:Wall_400x410 SpatiallyLoaded:1 Bounds:IsValid=true, Min=(X=3400.000 Y=240.000 Z=0.000), Max=(X=4400.000 Y=340.000 Z=1000.000) RuntimeGrid:None EditorOnly:0 RuntimeOnly:0 HLODRelevant:1
 |   |   |- Guid:93C19BD244808B262B53DC804F92E520 BaseClass: NativeClass:/Script/Engine.StaticMeshActor Name:StaticMeshActor_UAID_18C04D41C008928601_2127829372 Label:Wall_400x411 SpatiallyLoaded:1 Bounds:IsValid=true, Min=(X=4400.000 Y=340.000 Z=0.000), Max=(X=4500.000 Y=1340.000 Z=1000.000) RuntimeGrid:None EditorOnly:0 RuntimeOnly:0 HLODRelevant:1
 |   |   |- Guid:986AA6CB4BA48906D38C548FE3830F03 BaseClass: NativeClass:/Script/Engine.StaticMeshActor Name:StaticMeshActor_UAID_18C04D41C008938601_1998389561 Label:Wall_400x424 SpatiallyLoaded:1 Bounds:IsValid=true, Min=(X=300.000 Y=9530.000 Z=0.000), Max=(X=400.000 Y=10530.000 Z=1000.000) RuntimeGrid:None EditorOnly:0 RuntimeOnly:0 HLODRelevant:1
 |   |   |- Guid:9FAFFF94461E5C672DCFEFAFE19B7A27 BaseClass: NativeClass:/Script/Engine.StaticMeshActor Name:StaticMeshActor_UAID_18C04D41C008938601_2046861573 Label:Wall_400x436 SpatiallyLoaded:1 Bounds:IsValid=true, Min=(X=300.000 Y=21530.000 Z=0.000), Max=(X=400.000 Y=22530.000 Z=1000.000) RuntimeGrid:None EditorOnly:0 RuntimeOnly:0 HLODRelevant:1
 |   |   |- Guid:A097BE2C4BAC9B466C5E3A85A000C40F BaseClass: NativeClass:/Script/Engine.StaticMeshActor Name:StaticMeshActor_UAID_18C04D41C008938601_1912965553 Label:Wall_400x416 SpatiallyLoaded:1 Bounds:IsValid=true, Min=(X=400.000 Y=3430.000 Z=0.000), Max=(X=1400.000 Y=3530.000 Z=1000.000) RuntimeGrid:None EditorOnly:0 RuntimeOnly:0 HLODRelevant:1
 |   |   |- Guid:A354B1B24E617A525DC6B48CCDE2417E BaseClass: NativeClass:/Script/Engine.PlayerStart Name:PlayerStart_0 Label:PlayerStart SpatiallyLoaded:0 Bounds:IsValid=true, Min=(X=860.000 Y=590.000 Z=0.013), Max=(X=940.000 Y=670.000 Z=184.013) RuntimeGrid:None EditorOnly:0 RuntimeOnly:0 HLODRelevant:0
 |   |   |- Guid:A42738CE4E09212D7594C89994A722D9 BaseClass: NativeClass:/Script/Engine.StaticMeshActor Name:StaticMeshActor_UAID_18C04D41C0088F8601_1896653831 Label:Wall_400x400 SpatiallyLoaded:1 Bounds:IsValid=true, Min=(X=400.000 Y=240.000 Z=0.000), Max=(X=1400.000 Y=340.000 Z=1000.000) RuntimeGrid:None EditorOnly:0 RuntimeOnly:0 HLODRelevant:1
 |   |   |- Guid:AB8BDCCF4CB3E3263B181F90656D7979 BaseClass: NativeClass:/Script/Engine.StaticMeshActor Name:StaticMeshActor_UAID_18C04D41C008948601_1151819758 Label:Wall_400x445 SpatiallyLoaded:1 Bounds:IsValid=true, Min=(X=7400.000 Y=1339.999 Z=0.000), Max=(X=8400.000 Y=1440.000 Z=1000.000) RuntimeGrid:None EditorOnly:0 RuntimeOnly:0 HLODRelevant:1
 |   |   |- Guid:ADC2007F4A6BDD8AD1907D9BCAA6A7A2 BaseClass: NativeClass:/Script/Engine.StaticMeshActor Name:StaticMeshActor_UAID_18C04D41C008948601_1542806780 Label:Wall_400x466 SpatiallyLoaded:1 Bounds:IsValid=true, Min=(X=4400.000 Y=2430.000 Z=0.000), Max=(X=4500.000 Y=3430.000 Z=1000.000) RuntimeGrid:None EditorOnly:0 RuntimeOnly:0 HLODRelevant:1
 |   |   |- Guid:B4563C1341701E6997F1A796A20B7120 BaseClass: NativeClass:/Script/Engine.StaticMeshActor Name:StaticMeshActor_UAID_18C04D41C008938601_1964652557 Label:Wall_400x420 SpatiallyLoaded:1 Bounds:IsValid=true, Min=(X=300.000 Y=7530.000 Z=0.000), Max=(X=400.000 Y=8530.000 Z=1000.000) RuntimeGrid:None EditorOnly:0 RuntimeOnly:0 HLODRelevant:1
 |   |   |- Guid:BCAABF0C4B6D893F8FA2EE892F224CCC BaseClass: NativeClass:/Script/Engine.StaticMeshActor Name:StaticMeshActor_UAID_18C04D41C008948601_1151832776 Label:Wall_400x463 SpatiallyLoaded:1 Bounds:IsValid=true, Min=(X=25420.000 Y=1340.000 Z=0.000), Max=(X=26420.000 Y=1440.000 Z=1000.000) RuntimeGrid:None EditorOnly:0 RuntimeOnly:0 HLODRelevant:1
 |   |   |- Guid:C06C7F25453E3CB0530AACA57FC846D3 BaseClass: NativeClass:/Script/Engine.StaticMeshActor Name:StaticMeshActor_UAID_18C04D41C008938601_2046861572 Label:Wall_400x435 SpatiallyLoaded:1 Bounds:IsValid=true, Min=(X=300.000 Y=22530.000 Z=0.000), Max=(X=400.000 Y=23530.000 Z=1000.000) RuntimeGrid:None EditorOnly:0 RuntimeOnly:0 HLODRelevant:1
 |   |   |- Guid:C0C56B9644AE3D40CAFF6A878DB29844 BaseClass: NativeClass:/Script/Engine.StaticMeshActor Name:StaticMeshActor_UAID_A4AE111137DC5EFB00_2001720423 Label:SM_SkySphere SpatiallyLoaded:0 Bounds:IsValid=true, Min=(X=-1638400.000 Y=-1638400.000 Z=-1638400.000), Max=(X=1638400.000 Y=1638400.000 Z=1638400.000) RuntimeGrid:None EditorOnly:0 RuntimeOnly:0 HLODRelevant:1 FolderPath:Lighting FolderGuid:0BA5F0A04EADB18E70D5B180D08FA34B
 |   |   |- Guid:C0FBA1CB494AC03A49886E95443948EB BaseClass: NativeClass:/Script/Engine.StaticMeshActor Name:StaticMeshActor_UAID_18C04D41C008938601_2046862574 Label:Wall_400x437 SpatiallyLoaded:1 Bounds:IsValid=true, Min=(X=300.000 Y=23530.000 Z=0.000), Max=(X=400.000 Y=24530.000 Z=1000.000) RuntimeGrid:None EditorOnly:0 RuntimeOnly:0 HLODRelevant:1
 |   |   |- Guid:C22CE07C4B87D685137FDBBC10FC92C6 BaseClass: NativeClass:/Script/Engine.SkyAtmosphere Name:SkyAtmosphere_0 Label:SkyAtmosphere SpatiallyLoaded:0 Bounds:IsValid=true, Min=(X=0.000 Y=0.000 Z=1020.000), Max=(X=0.000 Y=0.000 Z=1020.000) RuntimeGrid:None EditorOnly:0 RuntimeOnly:0 HLODRelevant:0 FolderPath:Lighting FolderGuid:0BA5F0A04EADB18E70D5B180D08FA34B
 |   |   |- Guid:C381E9704962F196D16D6BA0AD0F9CD7 BaseClass: NativeClass:/Script/Engine.StaticMeshActor Name:StaticMeshActor_UAID_18C04D41C008938601_2046860571 Label:Wall_400x434 SpatiallyLoaded:1 Bounds:IsValid=true, Min=(X=300.000 Y=20530.000 Z=0.000), Max=(X=400.000 Y=21530.000 Z=1000.000) RuntimeGrid:None EditorOnly:0 RuntimeOnly:0 HLODRelevant:1
 |   |   |- Guid:C4684B50451A52C84E7C4AA28DC89EC0 BaseClass: NativeClass:/Script/Engine.StaticMeshActor Name:StaticMeshActor_UAID_18C04D41C008948601_1151827769 Label:Wall_400x456 SpatiallyLoaded:1 Bounds:IsValid=true, Min=(X=20410.000 Y=1340.000 Z=0.000), Max=(X=21410.000 Y=1440.000 Z=1000.000) RuntimeGrid:None EditorOnly:0 RuntimeOnly:0 HLODRelevant:1
 |   |   |- Guid:C47375384C220761E5CB6099C91224DE BaseClass: NativeClass:/Script/Engine.StaticMeshActor Name:StaticMeshActor_UAID_18C04D41C008938601_1946066554 Label:Wall_400x417 SpatiallyLoaded:1 Bounds:IsValid=true, Min=(X=300.000 Y=4530.000 Z=0.000), Max=(X=400.000 Y=5530.000 Z=1000.000) RuntimeGrid:None EditorOnly:0 RuntimeOnly:0 HLODRelevant:1
 |   |   |- Guid:CD1BD286464E8455B1EBEE9292FE4A93 BaseClass: NativeClass:/Script/Engine.StaticMeshActor Name:StaticMeshActor_UAID_18C04D41C008948601_1151830773 Label:Wall_400x460 SpatiallyLoaded:1 Bounds:IsValid=true, Min=(X=22410.000 Y=1340.000 Z=0.000), Max=(X=23410.000 Y=1440.000 Z=1000.000) RuntimeGrid:None EditorOnly:0 RuntimeOnly:0 HLODRelevant:1
 |   |   |- Guid:CE8D82634660FCDB3120E2B8D547C533 BaseClass: NativeClass:/Script/Engine.PostProcessVolume Name:PostProcessVolume_0 Label:PostProcessVolume SpatiallyLoaded:0 Bounds:IsValid=true, Min=(X=0.000 Y=0.000 Z=400.000), Max=(X=200.000 Y=200.000 Z=600.000) RuntimeGrid:None EditorOnly:0 RuntimeOnly:0 HLODRelevant:0 FolderPath:Lighting FolderGuid:0BA5F0A04EADB18E70D5B180D08FA34B
 |   |   |- Guid:D0E43B194980CF3CF7CBD48986A2CACD BaseClass: NativeClass:/Script/Engine.StaticMeshActor Name:StaticMeshActor_UAID_18C04D41C008948601_1151820760 Label:Wall_400x447 SpatiallyLoaded:1 Bounds:IsValid=true, Min=(X=11400.000 Y=1339.999 Z=0.000), Max=(X=12400.000 Y=1440.000 Z=1000.000) RuntimeGrid:None EditorOnly:0 RuntimeOnly:0 HLODRelevant:1
 |   |   |- Guid:D130971A40247918D90EA089F32C7F80 BaseClass: NativeClass:/Script/Engine.StaticMeshActor Name:StaticMeshActor_UAID_18C04D41C008948601_1151820759 Label:Wall_400x446 SpatiallyLoaded:1 Bounds:IsValid=true, Min=(X=9400.000 Y=1339.999 Z=0.000), Max=(X=10400.000 Y=1440.000 Z=1000.000) RuntimeGrid:None EditorOnly:0 RuntimeOnly:0 HLODRelevant:1
 |   |   |- Guid:D363650C4E59F42EB58A7A97160B3C0A BaseClass: NativeClass:/Script/Engine.StaticMeshActor Name:StaticMeshActor_UAID_18C04D41C008948601_1151828771 Label:Wall_400x458 SpatiallyLoaded:1 Bounds:IsValid=true, Min=(X=21410.000 Y=1340.000 Z=0.000), Max=(X=22410.000 Y=1440.000 Z=1000.000) RuntimeGrid:None EditorOnly:0 RuntimeOnly:0 HLODRelevant:1
 |   |   |- Guid:D37215CF4188C00C4E342594FB83E3A7 BaseClass: NativeClass:/Script/Engine.StaticMeshActor Name:StaticMeshActor_UAID_18C04D41C008948601_1151824765 Label:Wall_400x452 SpatiallyLoaded:1 Bounds:IsValid=true, Min=(X=15410.000 Y=1339.999 Z=0.000), Max=(X=16410.000 Y=1440.000 Z=1000.000) RuntimeGrid:None EditorOnly:0 RuntimeOnly:0 HLODRelevant:1
 |   |   |- Guid:D4EE8D5844CC0C560522998CD56DBFB7 BaseClass: NativeClass:/Script/Engine.StaticMeshActor Name:StaticMeshActor_UAID_18C04D41C008948601_1151829772 Label:Wall_400x459 SpatiallyLoaded:1 Bounds:IsValid=true, Min=(X=23410.000 Y=1340.000 Z=0.000), Max=(X=24410.000 Y=1440.000 Z=1000.000) RuntimeGrid:None EditorOnly:0 RuntimeOnly:0 HLODRelevant:1
 |   |   |- Guid:DD5F806F4D9DE2B8B31FA1A279446887 BaseClass: NativeClass:/Script/Engine.StaticMeshActor Name:StaticMeshActor_UAID_18C04D41C008938601_2046855566 Label:Wall_400x429 SpatiallyLoaded:1 Bounds:IsValid=true, Min=(X=300.000 Y=16530.000 Z=0.000), Max=(X=400.000 Y=17530.000 Z=1000.000) RuntimeGrid:None EditorOnly:0 RuntimeOnly:0 HLODRelevant:1
 |   |   |- Guid:E114A5F54A844A2FE8B7BF81DD3AA3DD BaseClass: NativeClass:/Script/Engine.StaticMeshActor Name:StaticMeshActor_UAID_18C04D41C008938601_2046856567 Label:Wall_400x430 SpatiallyLoaded:1 Bounds:IsValid=true, Min=(X=300.000 Y=15530.000 Z=0.000), Max=(X=400.000 Y=16530.000 Z=1000.000) RuntimeGrid:None EditorOnly:0 RuntimeOnly:0 HLODRelevant:1
 |   |   |- Guid:E1B1B3124E7AC0275C211985FD6A658F BaseClass: NativeClass:/Script/Engine.StaticMeshActor Name:StaticMeshActor_UAID_18C04D41C008938601_1998391563 Label:Wall_400x426 SpatiallyLoaded:1 Bounds:IsValid=true, Min=(X=300.000 Y=13530.000 Z=0.000), Max=(X=400.000 Y=14530.000 Z=1000.000) RuntimeGrid:None EditorOnly:0 RuntimeOnly:0 HLODRelevant:1
 |   |   |- Guid:E5320C1B4FD9764CE7B54D8487AEC613 BaseClass: NativeClass:/Script/Engine.SkyLight Name:SkyLight_0 Label:SkyLight SpatiallyLoaded:0 Bounds:IsValid=true, Min=(X=0.000 Y=0.000 Z=690.000), Max=(X=0.000 Y=0.000 Z=690.000) RuntimeGrid:None EditorOnly:0 RuntimeOnly:0 HLODRelevant:0 FolderPath:Lighting FolderGuid:0BA5F0A04EADB18E70D5B180D08FA34B
 |   |   |- Guid:E5B178C2495F7F68DF63759A38805F60 BaseClass: NativeClass:/Script/Engine.StaticMeshActor Name:StaticMeshActor_UAID_18C04D41C008948601_1151831775 Label:Wall_400x462 SpatiallyLoaded:1 Bounds:IsValid=true, Min=(X=26420.000 Y=1340.000 Z=0.000), Max=(X=27420.000 Y=1440.000 Z=1000.000) RuntimeGrid:None EditorOnly:0 RuntimeOnly:0 HLODRelevant:1
 |   |   |- Guid:EB0F47EF49E2DBF8BE73768D5D7B9E9A BaseClass: NativeClass:/Script/Engine.StaticMeshActor Name:StaticMeshActor_UAID_18C04D41C008948601_1151817756 Label:Wall_400x443 SpatiallyLoaded:1 Bounds:IsValid=true, Min=(X=6400.000 Y=1339.999 Z=0.000), Max=(X=7400.000 Y=1440.000 Z=1000.000) RuntimeGrid:None EditorOnly:0 RuntimeOnly:0 HLODRelevant:1
 |   |   |- Guid:EDA0203C49E5EF7A2491D0A8BA15018F BaseClass: NativeClass:/Script/Engine.StaticMeshActor Name:StaticMeshActor_UAID_18C04D41C008918601_1925284185 Label:Wall_400x402 SpatiallyLoaded:1 Bounds:IsValid=true, Min=(X=2400.000 Y=240.000 Z=0.000), Max=(X=3400.000 Y=340.000 Z=1000.000) RuntimeGrid:None EditorOnly:0 RuntimeOnly:0 HLODRelevant:1
 |   |   |- Guid:EF717D0948472F80E592F194B8208447 BaseClass: NativeClass:/Script/Engine.StaticMeshActor Name:StaticMeshActor_UAID_18C04D41C008938601_2046858569 Label:Wall_400x432 SpatiallyLoaded:1 Bounds:IsValid=true, Min=(X=300.000 Y=19530.000 Z=0.000), Max=(X=400.000 Y=20530.000 Z=1000.000) RuntimeGrid:None EditorOnly:0 RuntimeOnly:0 HLODRelevant:1
 |   |   |- Guid:F0950E5F47C330740B016F9805485ACE BaseClass: NativeClass:/Script/Engine.StaticMeshActor Name:StaticMeshActor_UAID_18C04D41C008928601_1135794363 Label:Wall_400x404 SpatiallyLoaded:1 Bounds:IsValid=true, Min=(X=1400.000 Y=340.000 Z=1000.000), Max=(X=2400.000 Y=1340.000 Z=1100.000) RuntimeGrid:None EditorOnly:0 RuntimeOnly:0 HLODRelevant:1
 |   |   |- Guid:F135809A439057E778B99F828153B05D BaseClass: NativeClass:/Script/Engine.StaticMeshActor Name:StaticMeshActor_UAID_18C04D41C008938601_1820031551 Label:Wall_400x414 SpatiallyLoaded:1 Bounds:IsValid=true, Min=(X=1400.000 Y=3430.000 Z=0.000), Max=(X=2400.000 Y=3530.000 Z=1000.000) RuntimeGrid:None EditorOnly:0 RuntimeOnly:0 HLODRelevant:1
 |   |   |- Guid:F80621C9446867154938FE81375207DA BaseClass: NativeClass:/Script/Engine.DirectionalLight Name:DirectionalLight_1 Label:DirectionalLight SpatiallyLoaded:0 Bounds:IsValid=true, Min=(X=-1048576.000 Y=-1048576.000 Z=-1048576.000), Max=(X=1048576.000 Y=1048576.000 Z=1048576.000) RuntimeGrid:None EditorOnly:0 RuntimeOnly:0 HLODRelevant:0 FolderPath:Lighting FolderGuid:0BA5F0A04EADB18E70D5B180D08FA34B
 |   |   |- Guid:FA4A4FFF4DBDAEABDE22229AD13A204A BaseClass: NativeClass:/Script/Engine.StaticMeshActor Name:StaticMeshActor_UAID_18C04D41C008928601_1294903369 Label:Wall_400x408 SpatiallyLoaded:1 Bounds:IsValid=true, Min=(X=2400.000 Y=1330.000 Z=0.000), Max=(X=3400.000 Y=1430.000 Z=1000.000) RuntimeGrid:None EditorOnly:0 RuntimeOnly:0 HLODRelevant:1
 |   |- [+] Clusters:
 |   |   |- [+] [  0]
 |   |   |   |- Guid:61391D344900612A77DFC3BA3E354907 BaseClass: NativeClass:/Script/Engine.ExponentialHeightFog Name:ExponentialHeightFog_0 Label:ExponentialHeightFog SpatiallyLoaded:0 Bounds:IsValid=true, Min=(X=-5600.000 Y=-50.000 Z=-6850.000), Max=(X=-5600.000 Y=-50.000 Z=-6850.000) RuntimeGrid:None EditorOnly:0 RuntimeOnly:0 HLODRelevant:0 FolderPath:Lighting FolderGuid:0BA5F0A04EADB18E70D5B180D08FA34B
 |   |   |- [+] [  1]
 |   |   |   |- Guid:5FE7584649BB6F09265329A6C57CFD0D BaseClass: NativeClass:/Script/Engine.VolumetricCloud Name:VolumetricCloud_0 Label:VolumetricCloud SpatiallyLoaded:0 Bounds:IsValid=true, Min=(X=0.000 Y=0.000 Z=820.000), Max=(X=0.000 Y=0.000 Z=820.000) RuntimeGrid:None EditorOnly:0 RuntimeOnly:0 HLODRelevant:0 FolderPath:Lighting FolderGuid:0BA5F0A04EADB18E70D5B180D08FA34B
 |   |   |- [+] [  2]
 |   |   |   |- Guid:F80621C9446867154938FE81375207DA BaseClass: NativeClass:/Script/Engine.DirectionalLight Name:DirectionalLight_1 Label:DirectionalLight SpatiallyLoaded:0 Bounds:IsValid=true, Min=(X=-1048576.000 Y=-1048576.000 Z=-1048576.000), Max=(X=1048576.000 Y=1048576.000 Z=1048576.000) RuntimeGrid:None EditorOnly:0 RuntimeOnly:0 HLODRelevant:0 FolderPath:Lighting FolderGuid:0BA5F0A04EADB18E70D5B180D08FA34B
 |   |   |- [+] [  3]
 |   |   |   |- Guid:21262252453B37957EF29F82ABA2413B BaseClass: NativeClass:/Script/Engine.TextRenderActor Name:TextRenderActor_1 Label:TextRenderActor SpatiallyLoaded:1 Bounds:IsValid=true, Min=(X=-0.100 Y=1100.000 Z=65.013), Max=(X=-0.100 Y=2865.385 Z=215.013) RuntimeGrid:None EditorOnly:0 RuntimeOnly:0 HLODRelevant:0
 |   |   |- [+] [  4]
 |   |   |   |- Guid:E5320C1B4FD9764CE7B54D8487AEC613 BaseClass: NativeClass:/Script/Engine.SkyLight Name:SkyLight_0 Label:SkyLight SpatiallyLoaded:0 Bounds:IsValid=true, Min=(X=0.000 Y=0.000 Z=690.000), Max=(X=0.000 Y=0.000 Z=690.000) RuntimeGrid:None EditorOnly:0 RuntimeOnly:0 HLODRelevant:0 FolderPath:Lighting FolderGuid:0BA5F0A04EADB18E70D5B180D08FA34B
 |   |   |- [+] [  5]
 |   |   |   |- Guid:78CAF7514C7533F30BD2F19A017AAB65 BaseClass: NativeClass:/Script/Engine.StaticMeshActor Name:StaticMeshActor_0 Label:Ground_1 SpatiallyLoaded:1 Bounds:IsValid=true, Min=(X=0.000 Y=0.000 Z=-50.000), Max=(X=50000.000 Y=50000.000 Z=50.000) RuntimeGrid:None EditorOnly:0 RuntimeOnly:0 HLODRelevant:1 FolderPath:Playground FolderGuid:6C02BB504B69D1F3D7A624B130C18E5B
 |   |   |- [+] [  6]
 |   |   |   |- Guid:A354B1B24E617A525DC6B48CCDE2417E BaseClass: NativeClass:/Script/Engine.PlayerStart Name:PlayerStart_0 Label:PlayerStart SpatiallyLoaded:0 Bounds:IsValid=true, Min=(X=860.000 Y=590.000 Z=0.013), Max=(X=940.000 Y=670.000 Z=184.013) RuntimeGrid:None EditorOnly:0 RuntimeOnly:0 HLODRelevant:0
 |   |   |- [+] [  7]
 |   |   |   |- Guid:C22CE07C4B87D685137FDBBC10FC92C6 BaseClass: NativeClass:/Script/Engine.SkyAtmosphere Name:SkyAtmosphere_0 Label:SkyAtmosphere SpatiallyLoaded:0 Bounds:IsValid=true, Min=(X=0.000 Y=0.000 Z=1020.000), Max=(X=0.000 Y=0.000 Z=1020.000) RuntimeGrid:None EditorOnly:0 RuntimeOnly:0 HLODRelevant:0 FolderPath:Lighting FolderGuid:0BA5F0A04EADB18E70D5B180D08FA34B
 |   |   |- [+] [  8]
 |   |   |   |- Guid:C0C56B9644AE3D40CAFF6A878DB29844 BaseClass: NativeClass:/Script/Engine.StaticMeshActor Name:StaticMeshActor_UAID_A4AE111137DC5EFB00_2001720423 Label:SM_SkySphere SpatiallyLoaded:0 Bounds:IsValid=true, Min=(X=-1638400.000 Y=-1638400.000 Z=-1638400.000), Max=(X=1638400.000 Y=1638400.000 Z=1638400.000) RuntimeGrid:None EditorOnly:0 RuntimeOnly:0 HLODRelevant:1 FolderPath:Lighting FolderGuid:0BA5F0A04EADB18E70D5B180D08FA34B
 |   |   |- [+] [  9]
 |   |   |   |- Guid:6FEFB3BD4EB37B849EF0D4AC80F83855 BaseClass: NativeClass:/Script/Engine.WorldDataLayers Name:WorldDataLayers Label:WorldDataLayers SpatiallyLoaded:0 Bounds:IsValid=true, Min=(X=0.000 Y=0.000 Z=0.000), Max=(X=0.000 Y=0.000 Z=0.000) RuntimeGrid:None EditorOnly:0 RuntimeOnly:0 HLODRelevant:0
 |   |   |- [+] [ 10]
 |   |   |   |- Guid:CE8D82634660FCDB3120E2B8D547C533 BaseClass: NativeClass:/Script/Engine.PostProcessVolume Name:PostProcessVolume_0 Label:PostProcessVolume SpatiallyLoaded:0 Bounds:IsValid=true, Min=(X=0.000 Y=0.000 Z=400.000), Max=(X=200.000 Y=200.000 Z=600.000) RuntimeGrid:None EditorOnly:0 RuntimeOnly:0 HLODRelevant:0 FolderPath:Lighting FolderGuid:0BA5F0A04EADB18E70D5B180D08FA34B
 |   |   |- [+] [ 11]
 |   |   |   |- Guid:A42738CE4E09212D7594C89994A722D9 BaseClass: NativeClass:/Script/Engine.StaticMeshActor Name:StaticMeshActor_UAID_18C04D41C0088F8601_1896653831 Label:Wall_400x400 SpatiallyLoaded:1 Bounds:IsValid=true, Min=(X=400.000 Y=240.000 Z=0.000), Max=(X=1400.000 Y=340.000 Z=1000.000) RuntimeGrid:None EditorOnly:0 RuntimeOnly:0 HLODRelevant:1
 |   |   |- [+] [ 12]
 |   |   |   |- Guid:7F07E4C946078FBEF02A53BFBF37CCE1 BaseClass: NativeClass:/Script/Engine.StaticMeshActor Name:StaticMeshActor_UAID_18C04D41C008918601_1906444184 Label:Wall_400x401 SpatiallyLoaded:1 Bounds:IsValid=true, Min=(X=1400.000 Y=240.000 Z=0.000), Max=(X=2400.000 Y=340.000 Z=1000.000) RuntimeGrid:None EditorOnly:0 RuntimeOnly:0 HLODRelevant:1
 |   |   |- [+] [ 13]
 |   |   |   |- Guid:EDA0203C49E5EF7A2491D0A8BA15018F BaseClass: NativeClass:/Script/Engine.StaticMeshActor Name:StaticMeshActor_UAID_18C04D41C008918601_1925284185 Label:Wall_400x402 SpatiallyLoaded:1 Bounds:IsValid=true, Min=(X=2400.000 Y=240.000 Z=0.000), Max=(X=3400.000 Y=340.000 Z=1000.000) RuntimeGrid:None EditorOnly:0 RuntimeOnly:0 HLODRelevant:1
 |   |   |- [+] [ 14]
 |   |   |   |- Guid:80795A66490A1A701F18D4BE02F3BF85 BaseClass: NativeClass:/Script/Engine.StaticMeshActor Name:StaticMeshActor_UAID_18C04D41C008918601_2014954186 Label:Wall_400x403 SpatiallyLoaded:1 Bounds:IsValid=true, Min=(X=400.000 Y=340.000 Z=1000.000), Max=(X=1400.000 Y=1340.000 Z=1100.000) RuntimeGrid:None EditorOnly:0 RuntimeOnly:0 HLODRelevant:1
 |   |   |- [+] [ 15]
 |   |   |   |- Guid:F0950E5F47C330740B016F9805485ACE BaseClass: NativeClass:/Script/Engine.StaticMeshActor Name:StaticMeshActor_UAID_18C04D41C008928601_1135794363 Label:Wall_400x404 SpatiallyLoaded:1 Bounds:IsValid=true, Min=(X=1400.000 Y=340.000 Z=1000.000), Max=(X=2400.000 Y=1340.000 Z=1100.000) RuntimeGrid:None EditorOnly:0 RuntimeOnly:0 HLODRelevant:1
 |   |   |- [+] [ 16]
 |   |   |   |- Guid:33CB97D74ECD5B0BF275BE9BF5FC6874 BaseClass: NativeClass:/Script/Engine.StaticMeshActor Name:StaticMeshActor_UAID_18C04D41C008928601_1143430364 Label:Wall_400x405 SpatiallyLoaded:1 Bounds:IsValid=true, Min=(X=2400.000 Y=340.000 Z=1000.000), Max=(X=3400.000 Y=1340.000 Z=1100.000) RuntimeGrid:None EditorOnly:0 RuntimeOnly:0 HLODRelevant:1
 |   |   |- [+] [ 17]
 |   |   |   |- Guid:5778DA604D3D6367D387E994048F1DF2 BaseClass: NativeClass:/Script/Engine.StaticMeshActor Name:StaticMeshActor_UAID_18C04D41C008928601_1294901367 Label:Wall_400x406 SpatiallyLoaded:1 Bounds:IsValid=true, Min=(X=400.000 Y=1330.000 Z=0.000), Max=(X=1400.000 Y=1430.000 Z=1000.000) RuntimeGrid:None EditorOnly:0 RuntimeOnly:0 HLODRelevant:1
 |   |   |- [+] [ 18]
 |   |   |   |- Guid:06013AF04BA0CCF5622BD49782D2D028 BaseClass: NativeClass:/Script/Engine.StaticMeshActor Name:StaticMeshActor_UAID_18C04D41C008928601_1294902368 Label:Wall_400x407 SpatiallyLoaded:1 Bounds:IsValid=true, Min=(X=1400.000 Y=1330.000 Z=0.000), Max=(X=2400.000 Y=1430.000 Z=1000.000) RuntimeGrid:None EditorOnly:0 RuntimeOnly:0 HLODRelevant:1
 |   |   |- [+] [ 19]
 |   |   |   |- Guid:FA4A4FFF4DBDAEABDE22229AD13A204A BaseClass: NativeClass:/Script/Engine.StaticMeshActor Name:StaticMeshActor_UAID_18C04D41C008928601_1294903369 Label:Wall_400x408 SpatiallyLoaded:1 Bounds:IsValid=true, Min=(X=2400.000 Y=1330.000 Z=0.000), Max=(X=3400.000 Y=1430.000 Z=1000.000) RuntimeGrid:None EditorOnly:0 RuntimeOnly:0 HLODRelevant:1
 |   |   |- [+] [ 20]
 |   |   |   |- Guid:0EC053444604BE2384FFEEAEADD7C569 BaseClass: NativeClass:/Script/Engine.StaticMeshActor Name:StaticMeshActor_UAID_18C04D41C008928601_1427609370 Label:Wall_400x409 SpatiallyLoaded:1 Bounds:IsValid=true, Min=(X=300.000 Y=330.000 Z=0.000), Max=(X=400.000 Y=1330.000 Z=1000.000) RuntimeGrid:None EditorOnly:0 RuntimeOnly:0 HLODRelevant:1
 |   |   |- [+] [ 21]
 |   |   |   |- Guid:90519CFD4FACC345D25EC78037791CB4 BaseClass: NativeClass:/Script/Engine.StaticMeshActor Name:StaticMeshActor_UAID_18C04D41C008928601_2127828371 Label:Wall_400x410 SpatiallyLoaded:1 Bounds:IsValid=true, Min=(X=3400.000 Y=240.000 Z=0.000), Max=(X=4400.000 Y=340.000 Z=1000.000) RuntimeGrid:None EditorOnly:0 RuntimeOnly:0 HLODRelevant:1
 |   |   |- [+] [ 22]
 |   |   |   |- Guid:93C19BD244808B262B53DC804F92E520 BaseClass: NativeClass:/Script/Engine.StaticMeshActor Name:StaticMeshActor_UAID_18C04D41C008928601_2127829372 Label:Wall_400x411 SpatiallyLoaded:1 Bounds:IsValid=true, Min=(X=4400.000 Y=340.000 Z=0.000), Max=(X=4500.000 Y=1340.000 Z=1000.000) RuntimeGrid:None EditorOnly:0 RuntimeOnly:0 HLODRelevant:1
 |   |   |- [+] [ 23]
 |   |   |   |- Guid:0C44259649D69DAA40CBA1AE3E04661C BaseClass: NativeClass:/Script/Engine.StaticMeshActor Name:StaticMeshActor_UAID_18C04D41C008938601_1124798549 Label:Wall_400x412 SpatiallyLoaded:1 Bounds:IsValid=true, Min=(X=3300.000 Y=1430.000 Z=0.000), Max=(X=3400.000 Y=2430.000 Z=1000.000) RuntimeGrid:None EditorOnly:0 RuntimeOnly:0 HLODRelevant:1
 |   |   |- [+] [ 24]
 |   |   |   |- Guid:1DBD9C0F4A3F8521192323972E372DB6 BaseClass: NativeClass:/Script/Engine.StaticMeshActor Name:StaticMeshActor_UAID_18C04D41C008938601_1124799550 Label:Wall_400x413 SpatiallyLoaded:1 Bounds:IsValid=true, Min=(X=3300.000 Y=2430.000 Z=0.000), Max=(X=3400.000 Y=3430.000 Z=1000.000) RuntimeGrid:None EditorOnly:0 RuntimeOnly:0 HLODRelevant:1
 |   |   |- [+] [ 25]
 |   |   |   |- Guid:F135809A439057E778B99F828153B05D BaseClass: NativeClass:/Script/Engine.StaticMeshActor Name:StaticMeshActor_UAID_18C04D41C008938601_1820031551 Label:Wall_400x414 SpatiallyLoaded:1 Bounds:IsValid=true, Min=(X=1400.000 Y=3430.000 Z=0.000), Max=(X=2400.000 Y=3530.000 Z=1000.000) RuntimeGrid:None EditorOnly:0 RuntimeOnly:0 HLODRelevant:1
 |   |   |- [+] [ 26]
 |   |   |   |- Guid:24C5FC6D40AF2E6F9E1F379E6A49BD5C BaseClass: NativeClass:/Script/Engine.StaticMeshActor Name:StaticMeshActor_UAID_18C04D41C008938601_1820033552 Label:Wall_400x415 SpatiallyLoaded:1 Bounds:IsValid=true, Min=(X=2400.000 Y=3430.000 Z=0.000), Max=(X=3400.000 Y=3530.000 Z=1000.000) RuntimeGrid:None EditorOnly:0 RuntimeOnly:0 HLODRelevant:1
 |   |   |- [+] [ 27]
 |   |   |   |- Guid:A097BE2C4BAC9B466C5E3A85A000C40F BaseClass: NativeClass:/Script/Engine.StaticMeshActor Name:StaticMeshActor_UAID_18C04D41C008938601_1912965553 Label:Wall_400x416 SpatiallyLoaded:1 Bounds:IsValid=true, Min=(X=400.000 Y=3430.000 Z=0.000), Max=(X=1400.000 Y=3530.000 Z=1000.000) RuntimeGrid:None EditorOnly:0 RuntimeOnly:0 HLODRelevant:1
 |   |   |- [+] [ 28]
 |   |   |   |- Guid:C47375384C220761E5CB6099C91224DE BaseClass: NativeClass:/Script/Engine.StaticMeshActor Name:StaticMeshActor_UAID_18C04D41C008938601_1946066554 Label:Wall_400x417 SpatiallyLoaded:1 Bounds:IsValid=true, Min=(X=300.000 Y=4530.000 Z=0.000), Max=(X=400.000 Y=5530.000 Z=1000.000) RuntimeGrid:None EditorOnly:0 RuntimeOnly:0 HLODRelevant:1
 |   |   |- [+] [ 29]
 |   |   |   |- Guid:5549733C47EF8A49944F689DCF72238E BaseClass: NativeClass:/Script/Engine.StaticMeshActor Name:StaticMeshActor_UAID_18C04D41C008938601_1946068555 Label:Wall_400x418 SpatiallyLoaded:1 Bounds:IsValid=true, Min=(X=300.000 Y=3530.000 Z=0.000), Max=(X=400.000 Y=4530.000 Z=1000.000) RuntimeGrid:None EditorOnly:0 RuntimeOnly:0 HLODRelevant:1
 |   |   |- [+] [ 30]
 |   |   |   |- Guid:7F617944427D3899E98E91BDED7E2D64 BaseClass: NativeClass:/Script/Engine.StaticMeshActor Name:StaticMeshActor_UAID_18C04D41C008938601_1946069556 Label:Wall_400x419 SpatiallyLoaded:1 Bounds:IsValid=true, Min=(X=300.000 Y=5530.000 Z=0.000), Max=(X=400.000 Y=6530.000 Z=1000.000) RuntimeGrid:None EditorOnly:0 RuntimeOnly:0 HLODRelevant:1
 |   |   |- [+] [ 31]
 |   |   |   |- Guid:B4563C1341701E6997F1A796A20B7120 BaseClass: NativeClass:/Script/Engine.StaticMeshActor Name:StaticMeshActor_UAID_18C04D41C008938601_1964652557 Label:Wall_400x420 SpatiallyLoaded:1 Bounds:IsValid=true, Min=(X=300.000 Y=7530.000 Z=0.000), Max=(X=400.000 Y=8530.000 Z=1000.000) RuntimeGrid:None EditorOnly:0 RuntimeOnly:0 HLODRelevant:1
 |   |   |- [+] [ 32]
 |   |   |   |- Guid:824DFBBE4B4143F9A6FE93BEA8BE0288 BaseClass: NativeClass:/Script/Engine.StaticMeshActor Name:StaticMeshActor_UAID_18C04D41C008938601_1964655558 Label:Wall_400x421 SpatiallyLoaded:1 Bounds:IsValid=true, Min=(X=300.000 Y=6530.000 Z=0.000), Max=(X=400.000 Y=7530.000 Z=1000.000) RuntimeGrid:None EditorOnly:0 RuntimeOnly:0 HLODRelevant:1
 |   |   |- [+] [ 33]
 |   |   |   |- Guid:614F8D3E4E0B2F710B5405AFA8DB4B31 BaseClass: NativeClass:/Script/Engine.StaticMeshActor Name:StaticMeshActor_UAID_18C04D41C008938601_1964656559 Label:Wall_400x422 SpatiallyLoaded:1 Bounds:IsValid=true, Min=(X=300.000 Y=8530.000 Z=0.000), Max=(X=400.000 Y=9530.000 Z=1000.000) RuntimeGrid:None EditorOnly:0 RuntimeOnly:0 HLODRelevant:1
 |   |   |- [+] [ 34]
 |   |   |   |- Guid:49C1C22744255AC4FA9E85884D31E217 BaseClass: NativeClass:/Script/Engine.StaticMeshActor Name:StaticMeshActor_UAID_18C04D41C008938601_1998388560 Label:Wall_400x423 SpatiallyLoaded:1 Bounds:IsValid=true, Min=(X=300.000 Y=10530.000 Z=0.000), Max=(X=400.000 Y=11530.000 Z=1000.000) RuntimeGrid:None EditorOnly:0 RuntimeOnly:0 HLODRelevant:1
 |   |   |- [+] [ 35]
 |   |   |   |- Guid:986AA6CB4BA48906D38C548FE3830F03 BaseClass: NativeClass:/Script/Engine.StaticMeshActor Name:StaticMeshActor_UAID_18C04D41C008938601_1998389561 Label:Wall_400x424 SpatiallyLoaded:1 Bounds:IsValid=true, Min=(X=300.000 Y=9530.000 Z=0.000), Max=(X=400.000 Y=10530.000 Z=1000.000) RuntimeGrid:None EditorOnly:0 RuntimeOnly:0 HLODRelevant:1
 |   |   |- [+] [ 36]
 |   |   |   |- Guid:30F5ADCE400DA681FF3D129A0377DBF2 BaseClass: NativeClass:/Script/Engine.StaticMeshActor Name:StaticMeshActor_UAID_18C04D41C008938601_1998390562 Label:Wall_400x425 SpatiallyLoaded:1 Bounds:IsValid=true, Min=(X=300.000 Y=11530.000 Z=0.000), Max=(X=400.000 Y=12530.000 Z=1000.000) RuntimeGrid:None EditorOnly:0 RuntimeOnly:0 HLODRelevant:1
 |   |   |- [+] [ 37]
 |   |   |   |- Guid:E1B1B3124E7AC0275C211985FD6A658F BaseClass: NativeClass:/Script/Engine.StaticMeshActor Name:StaticMeshActor_UAID_18C04D41C008938601_1998391563 Label:Wall_400x426 SpatiallyLoaded:1 Bounds:IsValid=true, Min=(X=300.000 Y=13530.000 Z=0.000), Max=(X=400.000 Y=14530.000 Z=1000.000) RuntimeGrid:None EditorOnly:0 RuntimeOnly:0 HLODRelevant:1
 |   |   |- [+] [ 38]
 |   |   |   |- Guid:832324374A185D38EDBE72854E0CF584 BaseClass: NativeClass:/Script/Engine.StaticMeshActor Name:StaticMeshActor_UAID_18C04D41C008938601_1998392564 Label:Wall_400x427 SpatiallyLoaded:1 Bounds:IsValid=true, Min=(X=300.000 Y=12530.000 Z=0.000), Max=(X=400.000 Y=13530.000 Z=1000.000) RuntimeGrid:None EditorOnly:0 RuntimeOnly:0 HLODRelevant:1
 |   |   |- [+] [ 39]
 |   |   |   |- Guid:77003EE64B95A0692F0A938630642C7B BaseClass: NativeClass:/Script/Engine.StaticMeshActor Name:StaticMeshActor_UAID_18C04D41C008938601_1998393565 Label:Wall_400x428 SpatiallyLoaded:1 Bounds:IsValid=true, Min=(X=300.000 Y=14530.000 Z=0.000), Max=(X=400.000 Y=15530.000 Z=1000.000) RuntimeGrid:None EditorOnly:0 RuntimeOnly:0 HLODRelevant:1
 |   |   |- [+] [ 40]
 |   |   |   |- Guid:DD5F806F4D9DE2B8B31FA1A279446887 BaseClass: NativeClass:/Script/Engine.StaticMeshActor Name:StaticMeshActor_UAID_18C04D41C008938601_2046855566 Label:Wall_400x429 SpatiallyLoaded:1 Bounds:IsValid=true, Min=(X=300.000 Y=16530.000 Z=0.000), Max=(X=400.000 Y=17530.000 Z=1000.000) RuntimeGrid:None EditorOnly:0 RuntimeOnly:0 HLODRelevant:1
 |   |   |- [+] [ 41]
 |   |   |   |- Guid:E114A5F54A844A2FE8B7BF81DD3AA3DD BaseClass: NativeClass:/Script/Engine.StaticMeshActor Name:StaticMeshActor_UAID_18C04D41C008938601_2046856567 Label:Wall_400x430 SpatiallyLoaded:1 Bounds:IsValid=true, Min=(X=300.000 Y=15530.000 Z=0.000), Max=(X=400.000 Y=16530.000 Z=1000.000) RuntimeGrid:None EditorOnly:0 RuntimeOnly:0 HLODRelevant:1
 |   |   |- [+] [ 42]
 |   |   |   |- Guid:4D04F8CE455F1F06D279B5B219BCFFF7 BaseClass: NativeClass:/Script/Engine.StaticMeshActor Name:StaticMeshActor_UAID_18C04D41C008938601_2046857568 Label:Wall_400x431 SpatiallyLoaded:1 Bounds:IsValid=true, Min=(X=300.000 Y=17530.000 Z=0.000), Max=(X=400.000 Y=18530.000 Z=1000.000) RuntimeGrid:None EditorOnly:0 RuntimeOnly:0 HLODRelevant:1
 |   |   |- [+] [ 43]
 |   |   |   |- Guid:EF717D0948472F80E592F194B8208447 BaseClass: NativeClass:/Script/Engine.StaticMeshActor Name:StaticMeshActor_UAID_18C04D41C008938601_2046858569 Label:Wall_400x432 SpatiallyLoaded:1 Bounds:IsValid=true, Min=(X=300.000 Y=19530.000 Z=0.000), Max=(X=400.000 Y=20530.000 Z=1000.000) RuntimeGrid:None EditorOnly:0 RuntimeOnly:0 HLODRelevant:1
 |   |   |- [+] [ 44]
 |   |   |   |- Guid:6ED110E14AEB3496CFD1E081E7585A92 BaseClass: NativeClass:/Script/Engine.StaticMeshActor Name:StaticMeshActor_UAID_18C04D41C008938601_2046859570 Label:Wall_400x433 SpatiallyLoaded:1 Bounds:IsValid=true, Min=(X=300.000 Y=18530.000 Z=0.000), Max=(X=400.000 Y=19530.000 Z=1000.000) RuntimeGrid:None EditorOnly:0 RuntimeOnly:0 HLODRelevant:1
 |   |   |- [+] [ 45]
 |   |   |   |- Guid:C381E9704962F196D16D6BA0AD0F9CD7 BaseClass: NativeClass:/Script/Engine.StaticMeshActor Name:StaticMeshActor_UAID_18C04D41C008938601_2046860571 Label:Wall_400x434 SpatiallyLoaded:1 Bounds:IsValid=true, Min=(X=300.000 Y=20530.000 Z=0.000), Max=(X=400.000 Y=21530.000 Z=1000.000) RuntimeGrid:None EditorOnly:0 RuntimeOnly:0 HLODRelevant:1
 |   |   |- [+] [ 46]
 |   |   |   |- Guid:C06C7F25453E3CB0530AACA57FC846D3 BaseClass: NativeClass:/Script/Engine.StaticMeshActor Name:StaticMeshActor_UAID_18C04D41C008938601_2046861572 Label:Wall_400x435 SpatiallyLoaded:1 Bounds:IsValid=true, Min=(X=300.000 Y=22530.000 Z=0.000), Max=(X=400.000 Y=23530.000 Z=1000.000) RuntimeGrid:None EditorOnly:0 RuntimeOnly:0 HLODRelevant:1
 |   |   |- [+] [ 47]
 |   |   |   |- Guid:9FAFFF94461E5C672DCFEFAFE19B7A27 BaseClass: NativeClass:/Script/Engine.StaticMeshActor Name:StaticMeshActor_UAID_18C04D41C008938601_2046861573 Label:Wall_400x436 SpatiallyLoaded:1 Bounds:IsValid=true, Min=(X=300.000 Y=21530.000 Z=0.000), Max=(X=400.000 Y=22530.000 Z=1000.000) RuntimeGrid:None EditorOnly:0 RuntimeOnly:0 HLODRelevant:1
 |   |   |- [+] [ 48]
 |   |   |   |- Guid:C0FBA1CB494AC03A49886E95443948EB BaseClass: NativeClass:/Script/Engine.StaticMeshActor Name:StaticMeshActor_UAID_18C04D41C008938601_2046862574 Label:Wall_400x437 SpatiallyLoaded:1 Bounds:IsValid=true, Min=(X=300.000 Y=23530.000 Z=0.000), Max=(X=400.000 Y=24530.000 Z=1000.000) RuntimeGrid:None EditorOnly:0 RuntimeOnly:0 HLODRelevant:1
 |   |   |- [+] [ 49]
 |   |   |   |- Guid:6ACF38A94F17307B761D5D8A5478F831 BaseClass: NativeClass:/Script/Engine.StaticMeshActor Name:StaticMeshActor_UAID_18C04D41C008938601_2046863575 Label:Wall_400x438 SpatiallyLoaded:1 Bounds:IsValid=true, Min=(X=300.000 Y=25530.000 Z=0.000), Max=(X=400.000 Y=26530.000 Z=1000.000) RuntimeGrid:None EditorOnly:0 RuntimeOnly:0 HLODRelevant:1
 |   |   |- [+] [ 50]
 |   |   |   |- Guid:24D2144D4E5D79ED0F441C9B0DC7225F BaseClass: NativeClass:/Script/Engine.StaticMeshActor Name:StaticMeshActor_UAID_18C04D41C008938601_2046864576 Label:Wall_400x439 SpatiallyLoaded:1 Bounds:IsValid=true, Min=(X=300.000 Y=24530.000 Z=0.000), Max=(X=400.000 Y=25530.000 Z=1000.000) RuntimeGrid:None EditorOnly:0 RuntimeOnly:0 HLODRelevant:1
 |   |   |- [+] [ 51]
 |   |   |   |- Guid:7FDEE2EE491892F223C4D0ABAC0778E7 BaseClass: NativeClass:/Script/Engine.StaticMeshActor Name:StaticMeshActor_UAID_18C04D41C008938601_2046865577 Label:Wall_400x440 SpatiallyLoaded:1 Bounds:IsValid=true, Min=(X=300.000 Y=26530.000 Z=0.000), Max=(X=400.000 Y=27530.000 Z=1000.000) RuntimeGrid:None EditorOnly:0 RuntimeOnly:0 HLODRelevant:1
 |   |   |- [+] [ 52]
 |   |   |   |- Guid:15BAF9FD4B65E10EB1776FBBFD0A51B3 BaseClass: NativeClass:/Script/Engine.StaticMeshActor Name:StaticMeshActor_UAID_18C04D41C008948601_1151814754 Label:Wall_400x441 SpatiallyLoaded:1 Bounds:IsValid=true, Min=(X=5400.000 Y=1339.999 Z=0.000), Max=(X=6400.000 Y=1440.000 Z=1000.000) RuntimeGrid:None EditorOnly:0 RuntimeOnly:0 HLODRelevant:1
 |   |   |- [+] [ 53]
 |   |   |   |- Guid:8F4E0ECE4BF1087D6D8EE0869BAC0121 BaseClass: NativeClass:/Script/Engine.StaticMeshActor Name:StaticMeshActor_UAID_18C04D41C008948601_1151816755 Label:Wall_400x442 SpatiallyLoaded:1 Bounds:IsValid=true, Min=(X=4400.000 Y=1339.999 Z=0.000), Max=(X=5400.000 Y=1440.000 Z=1000.000) RuntimeGrid:None EditorOnly:0 RuntimeOnly:0 HLODRelevant:1
 |   |   |- [+] [ 54]
 |   |   |   |- Guid:EB0F47EF49E2DBF8BE73768D5D7B9E9A BaseClass: NativeClass:/Script/Engine.StaticMeshActor Name:StaticMeshActor_UAID_18C04D41C008948601_1151817756 Label:Wall_400x443 SpatiallyLoaded:1 Bounds:IsValid=true, Min=(X=6400.000 Y=1339.999 Z=0.000), Max=(X=7400.000 Y=1440.000 Z=1000.000) RuntimeGrid:None EditorOnly:0 RuntimeOnly:0 HLODRelevant:1
 |   |   |- [+] [ 55]
 |   |   |   |- Guid:31B1F7F5401678B8903402984F6C997A BaseClass: NativeClass:/Script/Engine.StaticMeshActor Name:StaticMeshActor_UAID_18C04D41C008948601_1151818757 Label:Wall_400x444 SpatiallyLoaded:1 Bounds:IsValid=true, Min=(X=8400.000 Y=1339.999 Z=0.000), Max=(X=9400.000 Y=1440.000 Z=1000.000) RuntimeGrid:None EditorOnly:0 RuntimeOnly:0 HLODRelevant:1
 |   |   |- [+] [ 56]
 |   |   |   |- Guid:AB8BDCCF4CB3E3263B181F90656D7979 BaseClass: NativeClass:/Script/Engine.StaticMeshActor Name:StaticMeshActor_UAID_18C04D41C008948601_1151819758 Label:Wall_400x445 SpatiallyLoaded:1 Bounds:IsValid=true, Min=(X=7400.000 Y=1339.999 Z=0.000), Max=(X=8400.000 Y=1440.000 Z=1000.000) RuntimeGrid:None EditorOnly:0 RuntimeOnly:0 HLODRelevant:1
 |   |   |- [+] [ 57]
 |   |   |   |- Guid:D130971A40247918D90EA089F32C7F80 BaseClass: NativeClass:/Script/Engine.StaticMeshActor Name:StaticMeshActor_UAID_18C04D41C008948601_1151820759 Label:Wall_400x446 SpatiallyLoaded:1 Bounds:IsValid=true, Min=(X=9400.000 Y=1339.999 Z=0.000), Max=(X=10400.000 Y=1440.000 Z=1000.000) RuntimeGrid:None EditorOnly:0 RuntimeOnly:0 HLODRelevant:1
 |   |   |- [+] [ 58]
 |   |   |   |- Guid:D0E43B194980CF3CF7CBD48986A2CACD BaseClass: NativeClass:/Script/Engine.StaticMeshActor Name:StaticMeshActor_UAID_18C04D41C008948601_1151820760 Label:Wall_400x447 SpatiallyLoaded:1 Bounds:IsValid=true, Min=(X=11400.000 Y=1339.999 Z=0.000), Max=(X=12400.000 Y=1440.000 Z=1000.000) RuntimeGrid:None EditorOnly:0 RuntimeOnly:0 HLODRelevant:1
 |   |   |- [+] [ 59]
 |   |   |   |- Guid:7F82143F4A114C82095263B34CD4CCDA BaseClass: NativeClass:/Script/Engine.StaticMeshActor Name:StaticMeshActor_UAID_18C04D41C008948601_1151821761 Label:Wall_400x448 SpatiallyLoaded:1 Bounds:IsValid=true, Min=(X=10400.000 Y=1339.999 Z=0.000), Max=(X=11400.000 Y=1440.000 Z=1000.000) RuntimeGrid:None EditorOnly:0 RuntimeOnly:0 HLODRelevant:1
 |   |   |- [+] [ 60]
 |   |   |   |- Guid:8D00E0CF475D81131D471A9635E12240 BaseClass: NativeClass:/Script/Engine.StaticMeshActor Name:StaticMeshActor_UAID_18C04D41C008948601_1151822762 Label:Wall_400x449 SpatiallyLoaded:1 Bounds:IsValid=true, Min=(X=12400.000 Y=1339.999 Z=0.000), Max=(X=13400.000 Y=1440.000 Z=1000.000) RuntimeGrid:None EditorOnly:0 RuntimeOnly:0 HLODRelevant:1
 |   |   |- [+] [ 61]
 |   |   |   |- Guid:0759A5A8400E3737BC669EAE31C0515D BaseClass: NativeClass:/Script/Engine.StaticMeshActor Name:StaticMeshActor_UAID_18C04D41C008948601_1151822763 Label:Wall_400x450 SpatiallyLoaded:1 Bounds:IsValid=true, Min=(X=14410.000 Y=1339.999 Z=0.000), Max=(X=15410.000 Y=1440.000 Z=1000.000) RuntimeGrid:None EditorOnly:0 RuntimeOnly:0 HLODRelevant:1
 |   |   |- [+] [ 62]
 |   |   |   |- Guid:1A7B85784CA1421C945A6E8669FE93B9 BaseClass: NativeClass:/Script/Engine.StaticMeshActor Name:StaticMeshActor_UAID_18C04D41C008948601_1151823764 Label:Wall_400x451 SpatiallyLoaded:1 Bounds:IsValid=true, Min=(X=13400.000 Y=1339.999 Z=0.000), Max=(X=14400.000 Y=1440.000 Z=1000.000) RuntimeGrid:None EditorOnly:0 RuntimeOnly:0 HLODRelevant:1
 |   |   |- [+] [ 63]
 |   |   |   |- Guid:D37215CF4188C00C4E342594FB83E3A7 BaseClass: NativeClass:/Script/Engine.StaticMeshActor Name:StaticMeshActor_UAID_18C04D41C008948601_1151824765 Label:Wall_400x452 SpatiallyLoaded:1 Bounds:IsValid=true, Min=(X=15410.000 Y=1339.999 Z=0.000), Max=(X=16410.000 Y=1440.000 Z=1000.000) RuntimeGrid:None EditorOnly:0 RuntimeOnly:0 HLODRelevant:1
 |   |   |- [+] [ 64]
 |   |   |   |- Guid:2EAC6A6042D36387E9BDAD88C7A4449A BaseClass: NativeClass:/Script/Engine.StaticMeshActor Name:StaticMeshActor_UAID_18C04D41C008948601_1151825766 Label:Wall_400x453 SpatiallyLoaded:1 Bounds:IsValid=true, Min=(X=17410.000 Y=1339.999 Z=0.000), Max=(X=18410.000 Y=1440.000 Z=1000.000) RuntimeGrid:None EditorOnly:0 RuntimeOnly:0 HLODRelevant:1
 |   |   |- [+] [ 65]
 |   |   |   |- Guid:443B11D34976C25C3443438DAC09EF32 BaseClass: NativeClass:/Script/Engine.StaticMeshActor Name:StaticMeshActor_UAID_18C04D41C008948601_1151825767 Label:Wall_400x454 SpatiallyLoaded:1 Bounds:IsValid=true, Min=(X=16410.000 Y=1339.999 Z=0.000), Max=(X=17410.000 Y=1440.000 Z=1000.000) RuntimeGrid:None EditorOnly:0 RuntimeOnly:0 HLODRelevant:1
 |   |   |- [+] [ 66]
 |   |   |   |- Guid:5E77A26E4752A8AACAAF46A2C5042601 BaseClass: NativeClass:/Script/Engine.StaticMeshActor Name:StaticMeshActor_UAID_18C04D41C008948601_1151826768 Label:Wall_400x455 SpatiallyLoaded:1 Bounds:IsValid=true, Min=(X=18410.000 Y=1340.000 Z=0.000), Max=(X=19410.000 Y=1440.000 Z=1000.000) RuntimeGrid:None EditorOnly:0 RuntimeOnly:0 HLODRelevant:1
 |   |   |- [+] [ 67]
 |   |   |   |- Guid:C4684B50451A52C84E7C4AA28DC89EC0 BaseClass: NativeClass:/Script/Engine.StaticMeshActor Name:StaticMeshActor_UAID_18C04D41C008948601_1151827769 Label:Wall_400x456 SpatiallyLoaded:1 Bounds:IsValid=true, Min=(X=20410.000 Y=1340.000 Z=0.000), Max=(X=21410.000 Y=1440.000 Z=1000.000) RuntimeGrid:None EditorOnly:0 RuntimeOnly:0 HLODRelevant:1
 |   |   |- [+] [ 68]
 |   |   |   |- Guid:63C3FF1E4BFCF8E4706F5EA0D097A792 BaseClass: NativeClass:/Script/Engine.StaticMeshActor Name:StaticMeshActor_UAID_18C04D41C008948601_1151828770 Label:Wall_400x457 SpatiallyLoaded:1 Bounds:IsValid=true, Min=(X=19410.000 Y=1340.000 Z=0.000), Max=(X=20410.000 Y=1440.000 Z=1000.000) RuntimeGrid:None EditorOnly:0 RuntimeOnly:0 HLODRelevant:1
 |   |   |- [+] [ 69]
 |   |   |   |- Guid:D363650C4E59F42EB58A7A97160B3C0A BaseClass: NativeClass:/Script/Engine.StaticMeshActor Name:StaticMeshActor_UAID_18C04D41C008948601_1151828771 Label:Wall_400x458 SpatiallyLoaded:1 Bounds:IsValid=true, Min=(X=21410.000 Y=1340.000 Z=0.000), Max=(X=22410.000 Y=1440.000 Z=1000.000) RuntimeGrid:None EditorOnly:0 RuntimeOnly:0 HLODRelevant:1
 |   |   |- [+] [ 70]
 |   |   |   |- Guid:D4EE8D5844CC0C560522998CD56DBFB7 BaseClass: NativeClass:/Script/Engine.StaticMeshActor Name:StaticMeshActor_UAID_18C04D41C008948601_1151829772 Label:Wall_400x459 SpatiallyLoaded:1 Bounds:IsValid=true, Min=(X=23410.000 Y=1340.000 Z=0.000), Max=(X=24410.000 Y=1440.000 Z=1000.000) RuntimeGrid:None EditorOnly:0 RuntimeOnly:0 HLODRelevant:1
 |   |   |- [+] [ 71]
 |   |   |   |- Guid:CD1BD286464E8455B1EBEE9292FE4A93 BaseClass: NativeClass:/Script/Engine.StaticMeshActor Name:StaticMeshActor_UAID_18C04D41C008948601_1151830773 Label:Wall_400x460 SpatiallyLoaded:1 Bounds:IsValid=true, Min=(X=22410.000 Y=1340.000 Z=0.000), Max=(X=23410.000 Y=1440.000 Z=1000.000) RuntimeGrid:None EditorOnly:0 RuntimeOnly:0 HLODRelevant:1
 |   |   |- [+] [ 72]
 |   |   |   |- Guid:6270A8D143CF0EB77A9EA0AAA8300C86 BaseClass: NativeClass:/Script/Engine.StaticMeshActor Name:StaticMeshActor_UAID_18C04D41C008948601_1151830774 Label:Wall_400x461 SpatiallyLoaded:1 Bounds:IsValid=true, Min=(X=24420.000 Y=1340.000 Z=0.000), Max=(X=25420.000 Y=1440.000 Z=1000.000) RuntimeGrid:None EditorOnly:0 RuntimeOnly:0 HLODRelevant:1
 |   |   |- [+] [ 73]
 |   |   |   |- Guid:E5B178C2495F7F68DF63759A38805F60 BaseClass: NativeClass:/Script/Engine.StaticMeshActor Name:StaticMeshActor_UAID_18C04D41C008948601_1151831775 Label:Wall_400x462 SpatiallyLoaded:1 Bounds:IsValid=true, Min=(X=26420.000 Y=1340.000 Z=0.000), Max=(X=27420.000 Y=1440.000 Z=1000.000) RuntimeGrid:None EditorOnly:0 RuntimeOnly:0 HLODRelevant:1
 |   |   |- [+] [ 74]
 |   |   |   |- Guid:BCAABF0C4B6D893F8FA2EE892F224CCC BaseClass: NativeClass:/Script/Engine.StaticMeshActor Name:StaticMeshActor_UAID_18C04D41C008948601_1151832776 Label:Wall_400x463 SpatiallyLoaded:1 Bounds:IsValid=true, Min=(X=25420.000 Y=1340.000 Z=0.000), Max=(X=26420.000 Y=1440.000 Z=1000.000) RuntimeGrid:None EditorOnly:0 RuntimeOnly:0 HLODRelevant:1
 |   |   |- [+] [ 75]
 |   |   |   |- Guid:0DCE0A7F443DA7EFD3655482335216A3 BaseClass: NativeClass:/Script/Engine.StaticMeshActor Name:StaticMeshActor_UAID_18C04D41C008948601_1151833777 Label:Wall_400x464 SpatiallyLoaded:1 Bounds:IsValid=true, Min=(X=27420.000 Y=1340.000 Z=0.000), Max=(X=28420.000 Y=1440.000 Z=1000.000) RuntimeGrid:None EditorOnly:0 RuntimeOnly:0 HLODRelevant:1
 |   |   |- [+] [ 76]
 |   |   |   |- Guid:ADC2007F4A6BDD8AD1907D9BCAA6A7A2 BaseClass: NativeClass:/Script/Engine.StaticMeshActor Name:StaticMeshActor_UAID_18C04D41C008948601_1542806780 Label:Wall_400x466 SpatiallyLoaded:1 Bounds:IsValid=true, Min=(X=4400.000 Y=2430.000 Z=0.000), Max=(X=4500.000 Y=3430.000 Z=1000.000) RuntimeGrid:None EditorOnly:0 RuntimeOnly:0 HLODRelevant:1
 |   |   |- [+] [ 77]
 |   |   |   |- Guid:1A8AD3C94F0EC0F38D1CE4AB8442C577 BaseClass: NativeClass:/Script/Engine.StaticMeshActor Name:StaticMeshActor_UAID_18C04D41C008948601_1752018781 Label:Wall_400x465 SpatiallyLoaded:1 Bounds:IsValid=true, Min=(X=5400.000 Y=2329.999 Z=0.000), Max=(X=6400.000 Y=2430.000 Z=1000.000) RuntimeGrid:None EditorOnly:0 RuntimeOnly:0 HLODRelevant:1
 |   |   |- [+] [ 78]
 |   |   |   |- Guid:0D4A15094E02CAB70999A58CD164D35F BaseClass: NativeClass:/Script/Engine.StaticMeshActor Name:StaticMeshActor_UAID_18C04D41C008948601_1752020782 Label:Wall_400x467 SpatiallyLoaded:1 Bounds:IsValid=true, Min=(X=4400.000 Y=2329.999 Z=0.000), Max=(X=5400.000 Y=2430.000 Z=1000.000) RuntimeGrid:None EditorOnly:0 RuntimeOnly:0 HLODRelevant:1
 |   |   |- [+] [ 79]
 |   |   |   |- Guid:047E492F498A9C68C4A667BD6A89853D BaseClass: NativeClass:/Script/Engine.StaticMeshActor Name:StaticMeshActor_UAID_18C04D41C008948601_1752020783 Label:Wall_400x468 SpatiallyLoaded:1 Bounds:IsValid=true, Min=(X=6400.000 Y=2329.999 Z=0.000), Max=(X=7400.000 Y=2430.000 Z=1000.000) RuntimeGrid:None EditorOnly:0 RuntimeOnly:0 HLODRelevant:1
 |- ContainerInstances:
 |- [+] MainContainer:
 |   |-        ID: 0x0000000000000000
 |   |-    Bounds: IsValid=false, Min=(X=0.000 Y=0.000 Z=0.000), Max=(X=0.000 Y=0.000 Z=0.000)
 |   |- Transform: 0.000000,0.000000,0.000000|0.000000,0.000000,-0.000000|1.000000,1.000000,1.000000
 |   |- Container: /Game/FirstPerson/Maps/FirstPersonMap
----------------------------------------------------------------------------------------------------------------
FirstPersonMap - Persistent Level
----------------------------------------------------------------------------------------------------------------
Always loaded Actor Count: 89 

----------------------------------------------------------------------------------------------------------------
FirstPersonMap - Runtime Spatial Hash - Streaming Grid - MainGrid
----------------------------------------------------------------------------------------------------------------
            Origin: X=0.000 Y=0.000 Z=0.000
         Cell Size: 12800
      World Bounds: IsValid=false, Min=(X=0.000 Y=0.000 Z=0.000), Max=(X=0.000 Y=0.000 Z=0.000)
     Loading Range: 25600.00
Block Slow Loading: No
 ClientOnlyVisible: No

[+] Grid Levels: 1
 |- Level  0: Cell Count    0 | Cell Size   12800 | Actor Count    0 (0.0%)

[+] Content of Grid Level 0

